0 verbose cli /Users/mr.dzh/.nvm/versions/node/v22.17.0/bin/node /Users/mr.dzh/.nvm/versions/node/v22.17.0/bin/npm
1 info using npm@11.6.2
2 info using node@v22.17.0
3 silly config load:file:/Users/mr.dzh/.nvm/versions/node/v22.17.0/lib/node_modules/npm/npmrc
4 silly config load:file:/Users/mr.dzh/Documents/VaultGuarantBot/.npmrc
5 silly config load:file:/Users/mr.dzh/.npmrc
6 silly config load:file:/Users/mr.dzh/.nvm/versions/node/v22.17.0/etc/npmrc
7 verbose title npm run build
8 verbose argv "run" "build"
9 verbose logfile logs-max:10 dir:/Users/mr.dzh/Documents/VaultGuarantBot/.npm-cache/_logs/2025-11-28T18_46_03_230Z-
10 verbose logfile /Users/mr.dzh/Documents/VaultGuarantBot/.npm-cache/_logs/2025-11-28T18_46_03_230Z-debug-0.log
11 silly logfile done cleaning log files
12 verbose stack Error: Could not read package.json: Error: ENOENT: no such file or directory, open '/Users/mr.dzh/Documents/VaultGuarantBot/package.json'
12 verbose stack     at async open (node:internal/fs/promises:639:25)
12 verbose stack     at async readFile (node:internal/fs/promises:1243:14)
12 verbose stack     at async read (/Users/mr.dzh/.nvm/versions/node/v22.17.0/lib/node_modules/npm/node_modules/@npmcli/package-json/lib/read-package.js:9:18)
12 verbose stack     at async PackageJson.load (/Users/mr.dzh/.nvm/versions/node/v22.17.0/lib/node_modules/npm/node_modules/@npmcli/package-json/lib/index.js:131:31)
12 verbose stack     at async PackageJson.normalize (/Users/mr.dzh/.nvm/versions/node/v22.17.0/lib/node_modules/npm/node_modules/@npmcli/package-json/lib/index.js:117:5)
12 verbose stack     at async #run (/Users/mr.dzh/.nvm/versions/node/v22.17.0/lib/node_modules/npm/lib/commands/run.js:90:13)
12 verbose stack     at async RunScript.exec (/Users/mr.dzh/.nvm/versions/node/v22.17.0/lib/node_modules/npm/lib/commands/run.js:44:7)
12 verbose stack     at async Npm.exec (/Users/mr.dzh/.nvm/versions/node/v22.17.0/lib/node_modules/npm/lib/npm.js:208:9)
12 verbose stack     at async module.exports (/Users/mr.dzh/.nvm/versions/node/v22.17.0/lib/node_modules/npm/lib/cli/entry.js:67:5)
13 error code ENOENT
14 error syscall open
15 error path /Users/mr.dzh/Documents/VaultGuarantBot/package.json
16 error errno -2
17 error enoent Could not read package.json: Error: ENOENT: no such file or directory, open '/Users/mr.dzh/Documents/VaultGuarantBot/package.json'
18 error enoent This is related to npm not being able to find a file.
18 error enoent
19 verbose cwd /Users/mr.dzh/Documents/VaultGuarantBot
20 verbose os Darwin 24.5.0
21 verbose node v22.17.0
22 verbose npm  v11.6.2
23 verbose exit -2
24 verbose code -2
25 error A complete log of this run can be found in: /Users/mr.dzh/Documents/VaultGuarantBot/.npm-cache/_logs/2025-11-28T18_46_03_230Z-debug-0.log
