0 verbose cli /Users/mr.dzh/.nvm/versions/node/v22.17.0/bin/node /Users/mr.dzh/.nvm/versions/node/v22.17.0/bin/npm
1 info using npm@11.6.2
2 info using node@v22.17.0
3 silly config load:file:/Users/mr.dzh/.nvm/versions/node/v22.17.0/lib/node_modules/npm/npmrc
4 silly config load:file:/Users/mr.dzh/Documents/VaultGuarantBot/webapp/.npmrc
5 silly config load:file:/Users/mr.dzh/.npmrc
6 silly config load:file:/Users/mr.dzh/.nvm/versions/node/v22.17.0/etc/npmrc
7 verbose title npm run buile
8 verbose argv "run" "buile"
9 verbose logfile logs-max:10 dir:/Users/mr.dzh/Documents/VaultGuarantBot/webapp/.npm-cache/_logs/2025-11-24T22_05_16_253Z-
10 verbose logfile /Users/mr.dzh/Documents/VaultGuarantBot/webapp/.npm-cache/_logs/2025-11-24T22_05_16_253Z-debug-0.log
11 silly logfile done cleaning log files
12 verbose stack Error: Missing script: "buile"
12 verbose stack
12 verbose stack Did you mean this?
12 verbose stack   npm run build # run the "build" package script
12 verbose stack
12 verbose stack To see a list of scripts, run:
12 verbose stack   npm run
12 verbose stack     at #run (/Users/mr.dzh/.nvm/versions/node/v22.17.0/lib/node_modules/npm/lib/commands/run.js:115:13)
12 verbose stack     at async RunScript.exec (/Users/mr.dzh/.nvm/versions/node/v22.17.0/lib/node_modules/npm/lib/commands/run.js:44:7)
12 verbose stack     at async Npm.exec (/Users/mr.dzh/.nvm/versions/node/v22.17.0/lib/node_modules/npm/lib/npm.js:208:9)
12 verbose stack     at async module.exports (/Users/mr.dzh/.nvm/versions/node/v22.17.0/lib/node_modules/npm/lib/cli/entry.js:67:5)
13 error Missing script: "buile"
13 error
13 error Did you mean this?
13 error   npm run build # run the "build" package script
13 error
13 error To see a list of scripts, run:
13 error   npm run
14 verbose cwd /Users/mr.dzh/Documents/VaultGuarantBot/webapp
15 verbose os Darwin 24.5.0
16 verbose node v22.17.0
17 verbose npm  v11.6.2
18 verbose exit 1
19 verbose code 1
20 error A complete log of this run can be found in: /Users/mr.dzh/Documents/VaultGuarantBot/webapp/.npm-cache/_logs/2025-11-24T22_05_16_253Z-debug-0.log
