0 verbose cli /Users/mr.dzh/.nvm/versions/node/v22.17.0/bin/node /Users/mr.dzh/.nvm/versions/node/v22.17.0/bin/npm
1 info using npm@11.6.2
2 info using node@v22.17.0
3 silly config load:file:/Users/mr.dzh/.nvm/versions/node/v22.17.0/lib/node_modules/npm/npmrc
4 silly config load:file:/Users/mr.dzh/Documents/VaultGuarantBot/webapp/.npmrc
5 silly config load:file:/Users/mr.dzh/.npmrc
6 silly config load:file:/Users/mr.dzh/.nvm/versions/node/v22.17.0/etc/npmrc
7 verbose title npm install typescript vite @vitejs/plugin-react-swc @types/react @types/react-dom
8 verbose argv "install" "--save-dev" "typescript" "vite" "@vitejs/plugin-react-swc" "@types/react" "@types/react-dom"
9 verbose logfile logs-max:10 dir:/Users/mr.dzh/Documents/VaultGuarantBot/webapp/.npm-cache/_logs/2025-11-24T13_37_02_401Z-
10 verbose logfile /Users/mr.dzh/Documents/VaultGuarantBot/webapp/.npm-cache/_logs/2025-11-24T13_37_02_401Z-debug-0.log
11 silly logfile done cleaning log files
12 silly packumentCache heap:4345298944 maxSize:1086324736 maxEntrySize:543162368
13 silly idealTree buildDeps
14 silly fetch manifest typescript@*
15 silly packumentCache full:https://registry.npmjs.org/typescript cache-miss
16 http fetch GET 200 https://registry.npmjs.org/typescript 1023ms (cache miss)
17 silly packumentCache full:https://registry.npmjs.org/typescript set size:undefined disposed:false
18 silly fetch manifest vite@*
19 silly packumentCache full:https://registry.npmjs.org/vite cache-miss
20 http fetch GET 200 https://registry.npmjs.org/vite 2254ms (cache miss)
21 silly packumentCache full:https://registry.npmjs.org/vite set size:undefined disposed:false
22 silly fetch manifest @types/node@^20.19.0 || >=22.12.0
23 silly packumentCache full:https://registry.npmjs.org/@types%2fnode cache-miss
24 http fetch GET 200 https://registry.npmjs.org/@types%2fnode 236ms (cache miss)
25 silly packumentCache full:https://registry.npmjs.org/@types%2fnode set size:undefined disposed:false
26 silly fetch manifest jiti@>=1.21.0
27 silly packumentCache full:https://registry.npmjs.org/jiti cache-miss
28 http fetch GET 200 https://registry.npmjs.org/jiti 54ms (cache miss)
29 silly packumentCache full:https://registry.npmjs.org/jiti set size:undefined disposed:false
30 silly fetch manifest less@^4.0.0
31 silly packumentCache full:https://registry.npmjs.org/less cache-miss
32 http fetch GET 200 https://registry.npmjs.org/less 58ms (cache miss)
33 silly packumentCache full:https://registry.npmjs.org/less set size:undefined disposed:false
34 silly fetch manifest lightningcss@^1.21.0
35 silly packumentCache full:https://registry.npmjs.org/lightningcss cache-miss
36 http fetch GET 200 https://registry.npmjs.org/lightningcss 54ms (cache miss)
37 silly packumentCache full:https://registry.npmjs.org/lightningcss set size:undefined disposed:false
38 silly fetch manifest sass@^1.70.0
39 silly packumentCache full:https://registry.npmjs.org/sass cache-miss
40 http fetch GET 200 https://registry.npmjs.org/sass 99ms (cache miss)
41 silly packumentCache full:https://registry.npmjs.org/sass set size:undefined disposed:false
42 silly fetch manifest sass-embedded@^1.70.0
43 silly packumentCache full:https://registry.npmjs.org/sass-embedded cache-miss
44 http fetch GET 200 https://registry.npmjs.org/sass-embedded 48ms (cache miss)
45 silly packumentCache full:https://registry.npmjs.org/sass-embedded set size:undefined disposed:false
46 silly fetch manifest stylus@>=0.54.8
47 silly packumentCache full:https://registry.npmjs.org/stylus cache-miss
48 http fetch GET 200 https://registry.npmjs.org/stylus 87ms (cache miss)
49 silly packumentCache full:https://registry.npmjs.org/stylus set size:undefined disposed:false
50 silly fetch manifest sugarss@^5.0.0
51 silly packumentCache full:https://registry.npmjs.org/sugarss cache-miss
52 http fetch GET 200 https://registry.npmjs.org/sugarss 40ms (cache miss)
53 silly packumentCache full:https://registry.npmjs.org/sugarss set size:undefined disposed:false
54 silly fetch manifest postcss@^8.3.3
55 silly packumentCache full:https://registry.npmjs.org/postcss cache-miss
56 http fetch GET 200 https://registry.npmjs.org/postcss 72ms (cache miss)
57 silly packumentCache full:https://registry.npmjs.org/postcss set size:undefined disposed:false
58 silly fetch manifest terser@^5.16.0
59 silly packumentCache full:https://registry.npmjs.org/terser cache-miss
60 http fetch GET 200 https://registry.npmjs.org/terser 149ms (cache miss)
61 silly packumentCache full:https://registry.npmjs.org/terser set size:undefined disposed:false
62 silly fetch manifest tsx@^4.8.1
63 silly packumentCache full:https://registry.npmjs.org/tsx cache-miss
64 http fetch GET 200 https://registry.npmjs.org/tsx 52ms (cache miss)
65 silly packumentCache full:https://registry.npmjs.org/tsx set size:undefined disposed:false
66 silly fetch manifest yaml@^2.4.2
67 silly packumentCache full:https://registry.npmjs.org/yaml cache-miss
68 http fetch GET 200 https://registry.npmjs.org/yaml 102ms (cache miss)
69 silly packumentCache full:https://registry.npmjs.org/yaml set size:undefined disposed:false
70 silly fetch manifest @vitejs/plugin-react-swc@*
71 silly packumentCache full:https://registry.npmjs.org/@vitejs%2fplugin-react-swc cache-miss
72 http fetch GET 200 https://registry.npmjs.org/@vitejs%2fplugin-react-swc 457ms (cache miss)
73 silly packumentCache full:https://registry.npmjs.org/@vitejs%2fplugin-react-swc set size:undefined disposed:false
74 silly fetch manifest @types/react@*
75 silly packumentCache full:https://registry.npmjs.org/@types%2freact cache-miss
76 http fetch GET 200 https://registry.npmjs.org/@types%2freact 316ms (cache miss)
77 silly packumentCache full:https://registry.npmjs.org/@types%2freact set size:undefined disposed:false
78 silly fetch manifest @types/react-dom@*
79 silly packumentCache full:https://registry.npmjs.org/@types%2freact-dom cache-miss
80 http fetch GET 200 https://registry.npmjs.org/@types%2freact-dom 514ms (cache miss)
81 silly packumentCache full:https://registry.npmjs.org/@types%2freact-dom set size:undefined disposed:false
82 silly placeDep ROOT @types/react@19.2.7 OK for: webapp@1.0.0 want: *
83 silly placeDep ROOT @types/react-dom@19.2.3 OK for: webapp@1.0.0 want: *
84 silly placeDep ROOT @vitejs/plugin-react-swc@4.2.2 OK for: webapp@1.0.0 want: *
85 silly placeDep ROOT vite@7.2.4 OK for: @vitejs/plugin-react-swc@4.2.2 want: ^4 || ^5 || ^6 || ^7
86 silly placeDep ROOT typescript@5.9.3 OK for: webapp@1.0.0 want: *
87 silly placeDep ROOT vite@7.2.4 REPLACE for: webapp@1.0.0 want: *
88 silly fetch manifest csstype@^3.2.2
89 silly packumentCache full:https://registry.npmjs.org/csstype cache-miss
90 silly fetch manifest @rolldown/pluginutils@1.0.0-beta.47
91 silly packumentCache full:https://registry.npmjs.org/@rolldown%2fpluginutils cache-miss
92 silly fetch manifest @swc/core@^1.13.5
93 silly packumentCache full:https://registry.npmjs.org/@swc%2fcore cache-miss
94 silly fetch manifest esbuild@^0.25.0
95 silly packumentCache full:https://registry.npmjs.org/esbuild cache-miss
96 silly fetch manifest fdir@^6.5.0
97 silly packumentCache full:https://registry.npmjs.org/fdir cache-miss
98 silly fetch manifest picomatch@^4.0.3
99 silly packumentCache full:https://registry.npmjs.org/picomatch cache-miss
100 silly fetch manifest postcss@^8.5.6
101 silly packumentCache full:https://registry.npmjs.org/postcss cache-miss
102 silly fetch manifest rollup@^4.43.0
103 silly packumentCache full:https://registry.npmjs.org/rollup cache-miss
104 silly fetch manifest tinyglobby@^0.2.15
105 silly packumentCache full:https://registry.npmjs.org/tinyglobby cache-miss
106 http cache https://registry.npmjs.org/postcss 8ms (cache hit)
107 silly packumentCache full:https://registry.npmjs.org/postcss set size:696248 disposed:false
108 silly fetch manifest fsevents@~2.3.3
109 silly packumentCache full:https://registry.npmjs.org/fsevents cache-miss
110 http fetch GET 200 https://registry.npmjs.org/csstype 57ms (cache miss)
111 silly packumentCache full:https://registry.npmjs.org/csstype set size:undefined disposed:false
112 silly fetch manifest esbuild@^0.25.0
113 silly packumentCache full:https://registry.npmjs.org/esbuild cache-miss
114 http fetch GET 200 https://registry.npmjs.org/esbuild 84ms (cache miss)
115 silly packumentCache full:https://registry.npmjs.org/esbuild set size:undefined disposed:false
116 silly fetch manifest fdir@^6.5.0
117 silly packumentCache full:https://registry.npmjs.org/fdir cache-miss
118 http fetch GET 200 https://registry.npmjs.org/tinyglobby 291ms (cache miss)
119 silly packumentCache full:https://registry.npmjs.org/tinyglobby set size:undefined disposed:false
120 silly fetch manifest picomatch@^4.0.3
121 silly packumentCache full:https://registry.npmjs.org/picomatch cache-miss
122 http fetch GET 200 https://registry.npmjs.org/fdir 193ms (cache miss)
123 silly packumentCache full:https://registry.npmjs.org/fdir set size:undefined disposed:false
124 silly fetch manifest rollup@^4.43.0
125 silly packumentCache full:https://registry.npmjs.org/rollup cache-miss
126 http fetch GET 200 https://registry.npmjs.org/fdir 348ms (cache miss)
127 silly packumentCache full:https://registry.npmjs.org/fdir set size:undefined disposed:false
128 silly fetch manifest fsevents@~2.3.3
129 silly packumentCache full:https://registry.npmjs.org/fsevents cache-miss
130 http fetch GET 200 https://registry.npmjs.org/picomatch 106ms (cache miss)
131 silly packumentCache full:https://registry.npmjs.org/picomatch set size:undefined disposed:false
132 http fetch GET 200 https://registry.npmjs.org/picomatch 430ms (cache miss)
133 silly packumentCache full:https://registry.npmjs.org/picomatch set size:undefined disposed:false
134 http fetch GET 200 https://registry.npmjs.org/rollup 452ms (cache miss)
135 silly packumentCache full:https://registry.npmjs.org/rollup set size:undefined disposed:false
136 http fetch GET 200 https://registry.npmjs.org/fsevents 200ms (cache miss)
137 silly packumentCache full:https://registry.npmjs.org/fsevents set size:undefined disposed:false
138 http fetch GET 200 https://registry.npmjs.org/esbuild 621ms (cache miss)
139 silly packumentCache full:https://registry.npmjs.org/esbuild set size:undefined disposed:false
140 http fetch GET 200 https://registry.npmjs.org/rollup 346ms (cache miss)
141 silly packumentCache full:https://registry.npmjs.org/rollup set size:undefined disposed:false
142 http fetch GET 200 https://registry.npmjs.org/@rolldown%2fpluginutils 731ms (cache miss)
143 silly packumentCache full:https://registry.npmjs.org/@rolldown%2fpluginutils set size:undefined disposed:false
144 http fetch GET 200 https://registry.npmjs.org/@swc%2fcore 816ms (cache miss)
145 silly packumentCache full:https://registry.npmjs.org/@swc%2fcore set size:undefined disposed:false
146 http fetch GET 200 https://registry.npmjs.org/fsevents 1027ms (cache miss)
147 silly packumentCache full:https://registry.npmjs.org/fsevents set size:undefined disposed:false
148 silly placeDep ROOT csstype@3.2.3 OK for: @types/react@19.2.7 want: ^3.2.2
149 silly fetch manifest @swc/helpers@>=0.5.17
150 silly packumentCache full:https://registry.npmjs.org/@swc%2fhelpers cache-miss
151 http fetch GET 200 https://registry.npmjs.org/@swc%2fhelpers 59ms (cache miss)
152 silly packumentCache full:https://registry.npmjs.org/@swc%2fhelpers set size:undefined disposed:false
153 silly placeDep ROOT @rolldown/pluginutils@1.0.0-beta.47 OK for: @vitejs/plugin-react-swc@4.2.2 want: 1.0.0-beta.47
154 silly placeDep ROOT @swc/core@1.15.3 OK for: @vitejs/plugin-react-swc@4.2.2 want: ^1.13.5
155 silly fetch manifest @swc/counter@^0.1.3
156 silly packumentCache full:https://registry.npmjs.org/@swc%2fcounter cache-miss
157 silly fetch manifest @swc/types@^0.1.25
158 silly packumentCache full:https://registry.npmjs.org/@swc%2ftypes cache-miss
159 silly fetch manifest @swc/core-darwin-x64@1.15.3
160 silly packumentCache full:https://registry.npmjs.org/@swc%2fcore-darwin-x64 cache-miss
161 silly fetch manifest @swc/core-win32-x64-msvc@1.15.3
162 silly packumentCache full:https://registry.npmjs.org/@swc%2fcore-win32-x64-msvc cache-miss
163 silly fetch manifest @swc/core-linux-x64-gnu@1.15.3
164 silly packumentCache full:https://registry.npmjs.org/@swc%2fcore-linux-x64-gnu cache-miss
165 silly fetch manifest @swc/core-linux-x64-musl@1.15.3
166 silly packumentCache full:https://registry.npmjs.org/@swc%2fcore-linux-x64-musl cache-miss
167 silly fetch manifest @swc/core-win32-ia32-msvc@1.15.3
168 silly packumentCache full:https://registry.npmjs.org/@swc%2fcore-win32-ia32-msvc cache-miss
169 silly fetch manifest @swc/core-linux-arm-gnueabihf@1.15.3
170 silly packumentCache full:https://registry.npmjs.org/@swc%2fcore-linux-arm-gnueabihf cache-miss
171 silly fetch manifest @swc/core-darwin-arm64@1.15.3
172 silly packumentCache full:https://registry.npmjs.org/@swc%2fcore-darwin-arm64 cache-miss
173 http fetch GET 200 https://registry.npmjs.org/@swc%2ftypes 451ms (cache miss)
174 silly packumentCache full:https://registry.npmjs.org/@swc%2ftypes set size:undefined disposed:false
175 silly fetch manifest @swc/core-linux-arm64-gnu@1.15.3
176 silly packumentCache full:https://registry.npmjs.org/@swc%2fcore-linux-arm64-gnu cache-miss
177 http fetch GET 200 https://registry.npmjs.org/@swc%2fcounter 502ms (cache miss)
178 silly packumentCache full:https://registry.npmjs.org/@swc%2fcounter set size:undefined disposed:false
179 silly fetch manifest @swc/core-linux-arm64-musl@1.15.3
180 silly packumentCache full:https://registry.npmjs.org/@swc%2fcore-linux-arm64-musl cache-miss
181 http fetch GET 200 https://registry.npmjs.org/@swc%2fcore-darwin-arm64 502ms (cache miss)
182 silly packumentCache full:https://registry.npmjs.org/@swc%2fcore-darwin-arm64 set size:undefined disposed:false
183 silly fetch manifest @swc/core-win32-arm64-msvc@1.15.3
184 silly packumentCache full:https://registry.npmjs.org/@swc%2fcore-win32-arm64-msvc cache-miss
185 http fetch GET 200 https://registry.npmjs.org/@swc%2fcore-darwin-x64 604ms (cache miss)
186 silly packumentCache full:https://registry.npmjs.org/@swc%2fcore-darwin-x64 set size:undefined disposed:false
187 http fetch GET 200 https://registry.npmjs.org/@swc%2fcore-linux-x64-gnu 674ms (cache miss)
188 silly packumentCache full:https://registry.npmjs.org/@swc%2fcore-linux-x64-gnu set size:undefined disposed:false
189 http fetch GET 200 https://registry.npmjs.org/@swc%2fcore-win32-x64-msvc 705ms (cache miss)
190 silly packumentCache full:https://registry.npmjs.org/@swc%2fcore-win32-x64-msvc set size:undefined disposed:false
191 http fetch GET 200 https://registry.npmjs.org/@swc%2fcore-linux-x64-musl 719ms (cache miss)
192 silly packumentCache full:https://registry.npmjs.org/@swc%2fcore-linux-x64-musl set size:undefined disposed:false
193 http fetch GET 200 https://registry.npmjs.org/@swc%2fcore-linux-arm-gnueabihf 847ms (cache miss)
194 silly packumentCache full:https://registry.npmjs.org/@swc%2fcore-linux-arm-gnueabihf set size:undefined disposed:false
195 http fetch GET 200 https://registry.npmjs.org/@swc%2fcore-win32-ia32-msvc 880ms (cache miss)
196 silly packumentCache full:https://registry.npmjs.org/@swc%2fcore-win32-ia32-msvc set size:undefined disposed:false
197 http fetch GET 200 https://registry.npmjs.org/@swc%2fcore-linux-arm64-gnu 496ms (cache miss)
198 silly packumentCache full:https://registry.npmjs.org/@swc%2fcore-linux-arm64-gnu set size:undefined disposed:false
199 http fetch GET 200 https://registry.npmjs.org/@swc%2fcore-win32-arm64-msvc 584ms (cache miss)
200 silly packumentCache full:https://registry.npmjs.org/@swc%2fcore-win32-arm64-msvc set size:undefined disposed:false
201 http fetch GET 200 https://registry.npmjs.org/@swc%2fcore-linux-arm64-musl 604ms (cache miss)
202 silly packumentCache full:https://registry.npmjs.org/@swc%2fcore-linux-arm64-musl set size:undefined disposed:false
203 silly placeDep ROOT @swc/core-darwin-arm64@1.15.3 OK for: @swc/core@1.15.3 want: 1.15.3
204 silly placeDep ROOT @swc/core-darwin-x64@1.15.3 OK for: @swc/core@1.15.3 want: 1.15.3
205 silly placeDep ROOT @swc/core-linux-arm-gnueabihf@1.15.3 OK for: @swc/core@1.15.3 want: 1.15.3
206 silly placeDep ROOT @swc/core-linux-arm64-gnu@1.15.3 OK for: @swc/core@1.15.3 want: 1.15.3
207 silly placeDep ROOT @swc/core-linux-arm64-musl@1.15.3 OK for: @swc/core@1.15.3 want: 1.15.3
208 silly placeDep ROOT @swc/core-linux-x64-gnu@1.15.3 OK for: @swc/core@1.15.3 want: 1.15.3
209 silly placeDep ROOT @swc/core-linux-x64-musl@1.15.3 OK for: @swc/core@1.15.3 want: 1.15.3
210 silly placeDep ROOT @swc/core-win32-arm64-msvc@1.15.3 OK for: @swc/core@1.15.3 want: 1.15.3
211 silly placeDep ROOT @swc/core-win32-ia32-msvc@1.15.3 OK for: @swc/core@1.15.3 want: 1.15.3
212 silly placeDep ROOT @swc/core-win32-x64-msvc@1.15.3 OK for: @swc/core@1.15.3 want: 1.15.3
213 silly placeDep ROOT @swc/counter@0.1.3 OK for: @swc/core@1.15.3 want: ^0.1.3
214 silly placeDep ROOT @swc/types@0.1.25 OK for: @swc/core@1.15.3 want: ^0.1.25
215 silly placeDep ROOT esbuild@0.25.12 OK for: vite@7.2.4 want: ^0.25.0
216 silly placeDep ROOT fdir@6.5.0 OK for: vite@7.2.4 want: ^6.5.0
217 silly placeDep ROOT fsevents@2.3.3 OK for: vite@7.2.4 want: ~2.3.3
218 silly placeDep ROOT picomatch@4.0.3 OK for: vite@7.2.4 want: ^4.0.3
219 silly placeDep ROOT postcss@8.5.6 OK for: vite@7.2.4 want: ^8.5.6
220 silly placeDep ROOT rollup@4.53.3 OK for: vite@7.2.4 want: ^4.43.0
221 silly placeDep ROOT tinyglobby@0.2.15 OK for: vite@7.2.4 want: ^0.2.15
222 silly fetch manifest @esbuild/aix-ppc64@0.25.12
223 silly packumentCache full:https://registry.npmjs.org/@esbuild%2faix-ppc64 cache-miss
224 silly fetch manifest @esbuild/linux-arm@0.25.12
225 silly packumentCache full:https://registry.npmjs.org/@esbuild%2flinux-arm cache-miss
226 silly fetch manifest @esbuild/linux-x64@0.25.12
227 silly packumentCache full:https://registry.npmjs.org/@esbuild%2flinux-x64 cache-miss
228 silly fetch manifest @esbuild/sunos-x64@0.25.12
229 silly packumentCache full:https://registry.npmjs.org/@esbuild%2fsunos-x64 cache-miss
230 silly fetch manifest @esbuild/win32-x64@0.25.12
231 silly packumentCache full:https://registry.npmjs.org/@esbuild%2fwin32-x64 cache-miss
232 silly fetch manifest @esbuild/darwin-x64@0.25.12
233 silly packumentCache full:https://registry.npmjs.org/@esbuild%2fdarwin-x64 cache-miss
234 silly fetch manifest @esbuild/linux-ia32@0.25.12
235 silly packumentCache full:https://registry.npmjs.org/@esbuild%2flinux-ia32 cache-miss
236 silly fetch manifest @esbuild/netbsd-x64@0.25.12
237 silly packumentCache full:https://registry.npmjs.org/@esbuild%2fnetbsd-x64 cache-miss
238 silly fetch manifest @esbuild/win32-ia32@0.25.12
239 silly packumentCache full:https://registry.npmjs.org/@esbuild%2fwin32-ia32 cache-miss
240 http fetch GET 200 https://registry.npmjs.org/@esbuild%2flinux-arm 172ms (cache miss)
241 silly packumentCache full:https://registry.npmjs.org/@esbuild%2flinux-arm set size:undefined disposed:false
242 silly fetch manifest @esbuild/android-arm@0.25.12
243 silly packumentCache full:https://registry.npmjs.org/@esbuild%2fandroid-arm cache-miss
244 http fetch GET 200 https://registry.npmjs.org/@esbuild%2fdarwin-x64 177ms (cache miss)
245 silly packumentCache full:https://registry.npmjs.org/@esbuild%2fdarwin-x64 set size:undefined disposed:false
246 silly fetch manifest @esbuild/android-x64@0.25.12
247 silly packumentCache full:https://registry.npmjs.org/@esbuild%2fandroid-x64 cache-miss
248 http fetch GET 200 https://registry.npmjs.org/@esbuild%2fwin32-ia32 201ms (cache miss)
249 silly packumentCache full:https://registry.npmjs.org/@esbuild%2fwin32-ia32 set size:undefined disposed:false
250 silly fetch manifest @esbuild/freebsd-x64@0.25.12
251 silly packumentCache full:https://registry.npmjs.org/@esbuild%2ffreebsd-x64 cache-miss
252 http fetch GET 200 https://registry.npmjs.org/@esbuild%2fnetbsd-x64 207ms (cache miss)
253 silly packumentCache full:https://registry.npmjs.org/@esbuild%2fnetbsd-x64 set size:undefined disposed:false
254 silly fetch manifest @esbuild/linux-arm64@0.25.12
255 silly packumentCache full:https://registry.npmjs.org/@esbuild%2flinux-arm64 cache-miss
256 http fetch GET 200 https://registry.npmjs.org/@esbuild%2flinux-x64 216ms (cache miss)
257 silly packumentCache full:https://registry.npmjs.org/@esbuild%2flinux-x64 set size:undefined disposed:false
258 silly fetch manifest @esbuild/linux-ppc64@0.25.12
259 silly packumentCache full:https://registry.npmjs.org/@esbuild%2flinux-ppc64 cache-miss
260 http fetch GET 200 https://registry.npmjs.org/@esbuild%2fwin32-x64 239ms (cache miss)
261 silly packumentCache full:https://registry.npmjs.org/@esbuild%2fwin32-x64 set size:undefined disposed:false
262 silly fetch manifest @esbuild/linux-s390x@0.25.12
263 silly packumentCache full:https://registry.npmjs.org/@esbuild%2flinux-s390x cache-miss
264 http fetch GET 200 https://registry.npmjs.org/@esbuild%2flinux-ia32 273ms (cache miss)
265 silly packumentCache full:https://registry.npmjs.org/@esbuild%2flinux-ia32 set size:undefined disposed:false
266 silly fetch manifest @esbuild/openbsd-x64@0.25.12
267 silly packumentCache full:https://registry.npmjs.org/@esbuild%2fopenbsd-x64 cache-miss
268 http fetch GET 200 https://registry.npmjs.org/@esbuild%2faix-ppc64 320ms (cache miss)
269 silly packumentCache full:https://registry.npmjs.org/@esbuild%2faix-ppc64 set size:undefined disposed:false
270 silly fetch manifest @esbuild/win32-arm64@0.25.12
271 silly packumentCache full:https://registry.npmjs.org/@esbuild%2fwin32-arm64 cache-miss
272 http fetch GET 200 https://registry.npmjs.org/@esbuild%2fsunos-x64 354ms (cache miss)
273 silly packumentCache full:https://registry.npmjs.org/@esbuild%2fsunos-x64 set size:undefined disposed:false
274 silly fetch manifest @esbuild/darwin-arm64@0.25.12
275 silly packumentCache full:https://registry.npmjs.org/@esbuild%2fdarwin-arm64 cache-miss
276 http fetch GET 200 https://registry.npmjs.org/@esbuild%2ffreebsd-x64 177ms (cache miss)
277 silly packumentCache full:https://registry.npmjs.org/@esbuild%2ffreebsd-x64 set size:undefined disposed:false
278 silly fetch manifest @esbuild/netbsd-arm64@0.25.12
279 silly packumentCache full:https://registry.npmjs.org/@esbuild%2fnetbsd-arm64 cache-miss
280 http fetch GET 200 https://registry.npmjs.org/@esbuild%2fandroid-x64 252ms (cache miss)
281 silly packumentCache full:https://registry.npmjs.org/@esbuild%2fandroid-x64 set size:undefined disposed:false
282 silly fetch manifest @esbuild/android-arm64@0.25.12
283 silly packumentCache full:https://registry.npmjs.org/@esbuild%2fandroid-arm64 cache-miss
284 http fetch GET 200 https://registry.npmjs.org/@esbuild%2fandroid-arm 266ms (cache miss)
285 silly packumentCache full:https://registry.npmjs.org/@esbuild%2fandroid-arm set size:undefined disposed:false
286 silly fetch manifest @esbuild/freebsd-arm64@0.25.12
287 silly packumentCache full:https://registry.npmjs.org/@esbuild%2ffreebsd-arm64 cache-miss
288 http fetch GET 200 https://registry.npmjs.org/@esbuild%2flinux-ppc64 246ms (cache miss)
289 silly packumentCache full:https://registry.npmjs.org/@esbuild%2flinux-ppc64 set size:undefined disposed:false
290 silly fetch manifest @esbuild/linux-loong64@0.25.12
291 silly packumentCache full:https://registry.npmjs.org/@esbuild%2flinux-loong64 cache-miss
292 http fetch GET 200 https://registry.npmjs.org/@esbuild%2fdarwin-arm64 109ms (cache miss)
293 silly packumentCache full:https://registry.npmjs.org/@esbuild%2fdarwin-arm64 set size:undefined disposed:false
294 silly fetch manifest @esbuild/linux-riscv64@0.25.12
295 silly packumentCache full:https://registry.npmjs.org/@esbuild%2flinux-riscv64 cache-miss
296 http fetch GET 200 https://registry.npmjs.org/@esbuild%2flinux-s390x 273ms (cache miss)
297 silly packumentCache full:https://registry.npmjs.org/@esbuild%2flinux-s390x set size:undefined disposed:false
298 silly fetch manifest @esbuild/openbsd-arm64@0.25.12
299 silly packumentCache full:https://registry.npmjs.org/@esbuild%2fopenbsd-arm64 cache-miss
300 http fetch GET 200 https://registry.npmjs.org/@esbuild%2fwin32-arm64 197ms (cache miss)
301 silly packumentCache full:https://registry.npmjs.org/@esbuild%2fwin32-arm64 set size:undefined disposed:false
302 silly fetch manifest @esbuild/linux-mips64el@0.25.12
303 silly packumentCache full:https://registry.npmjs.org/@esbuild%2flinux-mips64el cache-miss
304 http fetch GET 200 https://registry.npmjs.org/@esbuild%2flinux-arm64 340ms (cache miss)
305 silly packumentCache full:https://registry.npmjs.org/@esbuild%2flinux-arm64 set size:undefined disposed:false
306 silly fetch manifest @esbuild/openharmony-arm64@0.25.12
307 silly packumentCache full:https://registry.npmjs.org/@esbuild%2fopenharmony-arm64 cache-miss
308 http fetch GET 200 https://registry.npmjs.org/@esbuild%2fnetbsd-arm64 205ms (cache miss)
309 silly packumentCache full:https://registry.npmjs.org/@esbuild%2fnetbsd-arm64 set size:undefined disposed:false
310 silly fetch manifest nanoid@^3.3.11
311 silly packumentCache full:https://registry.npmjs.org/nanoid cache-miss
312 http fetch GET 200 https://registry.npmjs.org/@esbuild%2fopenbsd-x64 345ms (cache miss)
313 silly packumentCache full:https://registry.npmjs.org/@esbuild%2fopenbsd-x64 set size:undefined disposed:false
314 silly fetch manifest picocolors@^1.1.1
315 silly packumentCache full:https://registry.npmjs.org/picocolors cache-miss
316 http fetch GET 200 https://registry.npmjs.org/@esbuild%2ffreebsd-arm64 186ms (cache miss)
317 silly packumentCache full:https://registry.npmjs.org/@esbuild%2ffreebsd-arm64 set size:undefined disposed:false
318 silly fetch manifest source-map-js@^1.2.1
319 silly packumentCache full:https://registry.npmjs.org/source-map-js cache-miss
320 http fetch GET 200 https://registry.npmjs.org/@esbuild%2fandroid-arm64 198ms (cache miss)
321 silly packumentCache full:https://registry.npmjs.org/@esbuild%2fandroid-arm64 set size:undefined disposed:false
322 silly fetch manifest @types/estree@1.0.8
323 silly packumentCache full:https://registry.npmjs.org/@types%2festree cache-miss
324 http fetch GET 200 https://registry.npmjs.org/nanoid 49ms (cache miss)
325 silly packumentCache full:https://registry.npmjs.org/nanoid set size:undefined disposed:false
326 silly fetch manifest @rollup/rollup-darwin-arm64@4.53.3
327 silly packumentCache full:https://registry.npmjs.org/@rollup%2frollup-darwin-arm64 cache-miss
328 http fetch GET 200 https://registry.npmjs.org/picocolors 32ms (cache miss)
329 silly packumentCache full:https://registry.npmjs.org/picocolors set size:undefined disposed:false
330 silly fetch manifest @rollup/rollup-android-arm64@4.53.3
331 silly packumentCache full:https://registry.npmjs.org/@rollup%2frollup-android-arm64 cache-miss
332 http fetch GET 200 https://registry.npmjs.org/source-map-js 38ms (cache miss)
333 silly packumentCache full:https://registry.npmjs.org/source-map-js set size:undefined disposed:false
334 silly fetch manifest @rollup/rollup-win32-arm64-msvc@4.53.3
335 silly packumentCache full:https://registry.npmjs.org/@rollup%2frollup-win32-arm64-msvc cache-miss
336 http fetch GET 200 https://registry.npmjs.org/@esbuild%2flinux-loong64 217ms (cache miss)
337 silly packumentCache full:https://registry.npmjs.org/@esbuild%2flinux-loong64 set size:undefined disposed:false
338 silly fetch manifest @rollup/rollup-freebsd-arm64@4.53.3
339 silly packumentCache full:https://registry.npmjs.org/@rollup%2frollup-freebsd-arm64 cache-miss
340 http fetch GET 200 https://registry.npmjs.org/@rollup%2frollup-darwin-arm64 52ms (cache miss)
341 silly packumentCache full:https://registry.npmjs.org/@rollup%2frollup-darwin-arm64 set size:undefined disposed:false
342 silly fetch manifest @rollup/rollup-linux-arm64-gnu@4.53.3
343 silly packumentCache full:https://registry.npmjs.org/@rollup%2frollup-linux-arm64-gnu cache-miss
344 http fetch GET 200 https://registry.npmjs.org/@esbuild%2flinux-mips64el 188ms (cache miss)
345 silly packumentCache full:https://registry.npmjs.org/@esbuild%2flinux-mips64el set size:undefined disposed:false
346 silly fetch manifest @rollup/rollup-linux-arm64-musl@4.53.3
347 silly packumentCache full:https://registry.npmjs.org/@rollup%2frollup-linux-arm64-musl cache-miss
348 http fetch GET 200 https://registry.npmjs.org/@esbuild%2flinux-riscv64 249ms (cache miss)
349 silly packumentCache full:https://registry.npmjs.org/@esbuild%2flinux-riscv64 set size:undefined disposed:false
350 silly fetch manifest @rollup/rollup-android-arm-eabi@4.53.3
351 silly packumentCache full:https://registry.npmjs.org/@rollup%2frollup-android-arm-eabi cache-miss
352 http fetch GET 200 https://registry.npmjs.org/@esbuild%2fopenbsd-arm64 225ms (cache miss)
353 silly packumentCache full:https://registry.npmjs.org/@esbuild%2fopenbsd-arm64 set size:undefined disposed:false
354 silly fetch manifest @rollup/rollup-linux-arm-gnueabihf@4.53.3
355 silly packumentCache full:https://registry.npmjs.org/@rollup%2frollup-linux-arm-gnueabihf cache-miss
