0 verbose cli /Users/mr.dzh/.nvm/versions/node/v22.17.0/bin/node /Users/mr.dzh/.nvm/versions/node/v22.17.0/bin/npm
1 info using npm@11.6.2
2 info using node@v22.17.0
3 silly config load:file:/Users/mr.dzh/.nvm/versions/node/v22.17.0/lib/node_modules/npm/npmrc
4 silly config load:file:/Users/mr.dzh/Documents/VaultGuarantBot/webapp/.npmrc
5 silly config load:file:/Users/mr.dzh/.npmrc
6 silly config load:file:/Users/mr.dzh/.nvm/versions/node/v22.17.0/etc/npmrc
7 verbose title npm install
8 verbose argv "install"
9 verbose logfile logs-max:10 dir:/Users/mr.dzh/Documents/VaultGuarantBot/webapp/.npm-cache/_logs/2025-11-24T22_05_09_798Z-
10 verbose logfile /Users/mr.dzh/Documents/VaultGuarantBot/webapp/.npm-cache/_logs/2025-11-24T22_05_09_798Z-debug-0.log
11 silly logfile done cleaning log files
12 silly packumentCache heap:4345298944 maxSize:1086324736 maxEntrySize:543162368
13 silly idealTree buildDeps
14 silly reify moves {}
15 silly audit bulk request {
15 silly audit   '@esbuild/aix-ppc64': [ '0.25.12' ],
15 silly audit   '@esbuild/android-arm': [ '0.25.12' ],
15 silly audit   '@esbuild/android-arm64': [ '0.25.12' ],
15 silly audit   '@esbuild/android-x64': [ '0.25.12' ],
15 silly audit   '@esbuild/darwin-arm64': [ '0.25.12' ],
15 silly audit   '@esbuild/darwin-x64': [ '0.25.12' ],
15 silly audit   '@esbuild/freebsd-arm64': [ '0.25.12' ],
15 silly audit   '@esbuild/freebsd-x64': [ '0.25.12' ],
15 silly audit   '@esbuild/linux-arm': [ '0.25.12' ],
15 silly audit   '@esbuild/linux-arm64': [ '0.25.12' ],
15 silly audit   '@esbuild/linux-ia32': [ '0.25.12' ],
15 silly audit   '@esbuild/linux-loong64': [ '0.25.12' ],
15 silly audit   '@esbuild/linux-mips64el': [ '0.25.12' ],
15 silly audit   '@esbuild/linux-ppc64': [ '0.25.12' ],
15 silly audit   '@esbuild/linux-riscv64': [ '0.25.12' ],
15 silly audit   '@esbuild/linux-s390x': [ '0.25.12' ],
15 silly audit   '@esbuild/linux-x64': [ '0.25.12' ],
15 silly audit   '@esbuild/netbsd-arm64': [ '0.25.12' ],
15 silly audit   '@esbuild/netbsd-x64': [ '0.25.12' ],
15 silly audit   '@esbuild/openbsd-arm64': [ '0.25.12' ],
15 silly audit   '@esbuild/openbsd-x64': [ '0.25.12' ],
15 silly audit   '@esbuild/openharmony-arm64': [ '0.25.12' ],
15 silly audit   '@esbuild/sunos-x64': [ '0.25.12' ],
15 silly audit   '@esbuild/win32-arm64': [ '0.25.12' ],
15 silly audit   '@esbuild/win32-ia32': [ '0.25.12' ],
15 silly audit   '@esbuild/win32-x64': [ '0.25.12' ],
15 silly audit   '@rolldown/pluginutils': [ '1.0.0-beta.47' ],
15 silly audit   '@rollup/rollup-android-arm-eabi': [ '4.53.3' ],
15 silly audit   '@rollup/rollup-android-arm64': [ '4.53.3' ],
15 silly audit   '@rollup/rollup-darwin-arm64': [ '4.53.3' ],
15 silly audit   '@rollup/rollup-darwin-x64': [ '4.53.3' ],
15 silly audit   '@rollup/rollup-freebsd-arm64': [ '4.53.3' ],
15 silly audit   '@rollup/rollup-freebsd-x64': [ '4.53.3' ],
15 silly audit   '@rollup/rollup-linux-arm-gnueabihf': [ '4.53.3' ],
15 silly audit   '@rollup/rollup-linux-arm-musleabihf': [ '4.53.3' ],
15 silly audit   '@rollup/rollup-linux-arm64-gnu': [ '4.53.3' ],
15 silly audit   '@rollup/rollup-linux-arm64-musl': [ '4.53.3' ],
15 silly audit   '@rollup/rollup-linux-loong64-gnu': [ '4.53.3' ],
15 silly audit   '@rollup/rollup-linux-ppc64-gnu': [ '4.53.3' ],
15 silly audit   '@rollup/rollup-linux-riscv64-gnu': [ '4.53.3' ],
15 silly audit   '@rollup/rollup-linux-riscv64-musl': [ '4.53.3' ],
15 silly audit   '@rollup/rollup-linux-s390x-gnu': [ '4.53.3' ],
15 silly audit   '@rollup/rollup-linux-x64-gnu': [ '4.53.3' ],
15 silly audit   '@rollup/rollup-linux-x64-musl': [ '4.53.3' ],
15 silly audit   '@rollup/rollup-openharmony-arm64': [ '4.53.3' ],
15 silly audit   '@rollup/rollup-win32-arm64-msvc': [ '4.53.3' ],
15 silly audit   '@rollup/rollup-win32-ia32-msvc': [ '4.53.3' ],
15 silly audit   '@rollup/rollup-win32-x64-gnu': [ '4.53.3' ],
15 silly audit   '@rollup/rollup-win32-x64-msvc': [ '4.53.3' ],
15 silly audit   '@swc/core': [ '1.15.3' ],
15 silly audit   '@swc/core-darwin-arm64': [ '1.15.3' ],
15 silly audit   '@swc/core-darwin-x64': [ '1.15.3' ],
15 silly audit   '@swc/core-linux-arm-gnueabihf': [ '1.15.3' ],
15 silly audit   '@swc/core-linux-arm64-gnu': [ '1.15.3' ],
15 silly audit   '@swc/core-linux-arm64-musl': [ '1.15.3' ],
15 silly audit   '@swc/core-linux-x64-gnu': [ '1.15.3' ],
15 silly audit   '@swc/core-linux-x64-musl': [ '1.15.3' ],
15 silly audit   '@swc/core-win32-arm64-msvc': [ '1.15.3' ],
15 silly audit   '@swc/core-win32-ia32-msvc': [ '1.15.3' ],
15 silly audit   '@swc/core-win32-x64-msvc': [ '1.15.3' ],
15 silly audit   '@swc/counter': [ '0.1.3' ],
15 silly audit   '@swc/types': [ '0.1.25' ],
15 silly audit   '@types/estree': [ '1.0.8' ],
15 silly audit   '@types/react': [ '19.2.7' ],
15 silly audit   '@types/react-dom': [ '19.2.3' ],
15 silly audit   '@vitejs/plugin-react-swc': [ '4.2.2' ],
15 silly audit   asynckit: [ '0.4.0' ],
15 silly audit   axios: [ '1.13.2' ],
15 silly audit   'call-bind-apply-helpers': [ '1.0.2' ],
15 silly audit   'combined-stream': [ '1.0.8' ],
15 silly audit   csstype: [ '3.2.3' ],
15 silly audit   'delayed-stream': [ '1.0.0' ],
15 silly audit   'dunder-proto': [ '1.0.1' ],
15 silly audit   'es-define-property': [ '1.0.1' ],
15 silly audit   'es-errors': [ '1.3.0' ],
15 silly audit   'es-object-atoms': [ '1.1.1' ],
15 silly audit   'es-set-tostringtag': [ '2.1.0' ],
15 silly audit   esbuild: [ '0.25.12' ],
15 silly audit   fdir: [ '6.5.0' ],
15 silly audit   'follow-redirects': [ '1.15.11' ],
15 silly audit   'form-data': [ '4.0.5' ],
15 silly audit   fsevents: [ '2.3.3' ],
15 silly audit   'function-bind': [ '1.1.2' ],
15 silly audit   'get-intrinsic': [ '1.3.0' ],
15 silly audit   'get-proto': [ '1.0.1' ],
15 silly audit   gopd: [ '1.2.0' ],
15 silly audit   'has-symbols': [ '1.1.0' ],
15 silly audit   'has-tostringtag': [ '1.0.2' ],
15 silly audit   hasown: [ '2.0.2' ],
15 silly audit   'math-intrinsics': [ '1.1.0' ],
15 silly audit   'mime-db': [ '1.52.0' ],
15 silly audit   'mime-types': [ '2.1.35' ],
15 silly audit   nanoid: [ '3.3.11' ],
15 silly audit   picocolors: [ '1.1.1' ],
15 silly audit   picomatch: [ '4.0.3' ],
15 silly audit   postcss: [ '8.5.6' ],
15 silly audit   'proxy-from-env': [ '1.1.0' ],
15 silly audit   react: [ '19.2.0' ],
15 silly audit   'react-dom': [ '19.2.0' ],
15 silly audit   rollup: [ '4.53.3' ],
15 silly audit   scheduler: [ '0.27.0' ],
15 silly audit   'source-map-js': [ '1.2.1' ],
15 silly audit   tinyglobby: [ '0.2.15' ],
15 silly audit   typescript: [ '5.9.3' ],
15 silly audit   vite: [ '7.2.4' ]
15 silly audit }
16 http cache fsevents@https://registry.npmjs.org/fsevents/-/fsevents-2.3.3.tgz 0ms (cache hit)
17 http fetch POST 200 https://registry.npmjs.org/-/npm/v1/security/advisories/bulk 645ms
18 silly audit report {}
19 silly ADD node_modules/fsevents
20 verbose cwd /Users/mr.dzh/Documents/VaultGuarantBot/webapp
21 verbose os Darwin 24.5.0
22 verbose node v22.17.0
23 verbose npm  v11.6.2
24 verbose exit 0
25 info ok
